<?xml version="1.0" encoding="UTF-8"?>
<coverage generated="1394462909">
  <project timestamp="1394462909">
    <package name="Application">
      <file name="/var/www/zendf2napratica/module/Application/Module.php">
        <class name="Module" namespace="Application">
          <metrics methods="3" coveredmethods="2" conditionals="0" coveredconditionals="0" statements="10" coveredstatements="5" elements="13" coveredelements="7"/>
        </class>
        <line num="16" type="method" name="onBootstrap" crap="2" count="0"/>
        <line num="18" type="stmt" count="0"/>
        <line num="19" type="stmt" count="0"/>
        <line num="20" type="stmt" count="0"/>
        <line num="21" type="stmt" count="0"/>
        <line num="22" type="stmt" count="0"/>
        <line num="24" type="method" name="getConfig" crap="1" count="6"/>
        <line num="26" type="stmt" count="6"/>
        <line num="29" type="method" name="getAutoloaderConfig" crap="1" count="6"/>
        <line num="34" type="stmt" count="6"/>
        <line num="35" type="stmt" count="6"/>
        <line num="36" type="stmt" count="6"/>
        <line num="37" type="stmt" count="6"/>
        <line num="40" type="stmt" count="1"/>
        <metrics loc="39" ncloc="32" classes="1" methods="3" coveredmethods="2" conditionals="0" coveredconditionals="0" statements="10" coveredstatements="5" elements="13" coveredelements="7"/>
      </file>
    </package>
    <file name="/var/www/zendf2napratica/module/Application/config/module.config.php">
      <line num="14" type="stmt" count="6"/>
      <line num="16" type="stmt" count="6"/>
      <line num="18" type="stmt" count="6"/>
      <line num="19" type="stmt" count="6"/>
      <line num="20" type="stmt" count="6"/>
      <line num="21" type="stmt" count="6"/>
      <line num="22" type="stmt" count="6"/>
      <line num="23" type="stmt" count="6"/>
      <line num="25" type="stmt" count="6"/>
      <line num="27" type="stmt" count="6"/>
      <line num="29" type="stmt" count="6"/>
      <line num="30" type="stmt" count="6"/>
      <line num="31" type="stmt" count="6"/>
      <line num="33" type="stmt" count="6"/>
      <line num="34" type="stmt" count="6"/>
      <line num="35" type="stmt" count="6"/>
      <line num="38" type="stmt" count="6"/>
      <line num="40" type="stmt" count="6"/>
      <line num="42" type="stmt" count="6"/>
      <line num="43" type="stmt" count="6"/>
      <line num="44" type="stmt" count="6"/>
      <line num="46" type="stmt" count="6"/>
      <line num="47" type="stmt" count="6"/>
      <line num="51" type="stmt" count="6"/>
      <line num="52" type="stmt" count="6"/>
      <line num="53" type="stmt" count="6"/>
      <line num="54" type="stmt" count="6"/>
      <line num="55" type="stmt" count="6"/>
      <line num="56" type="stmt" count="6"/>
      <line num="57" type="stmt" count="6"/>
      <line num="60" type="stmt" count="6"/>
      <line num="61" type="stmt" count="6"/>
      <line num="62" type="stmt" count="6"/>
      <line num="64" type="stmt" count="6"/>
      <line num="67" type="stmt" count="6"/>
      <line num="68" type="stmt" count="6"/>
      <line num="69" type="stmt" count="6"/>
      <line num="70" type="stmt" count="6"/>
      <line num="71" type="stmt" count="6"/>
      <line num="72" type="stmt" count="6"/>
      <line num="76" type="stmt" count="6"/>
      <line num="77" type="stmt" count="6"/>
      <line num="79" type="stmt" count="6"/>
      <line num="80" type="stmt" count="6"/>
      <line num="81" type="stmt" count="6"/>
      <line num="82" type="stmt" count="6"/>
      <line num="83" type="stmt" count="6"/>
      <line num="85" type="stmt" count="6"/>
      <line num="86" type="stmt" count="6"/>
      <line num="87" type="stmt" count="6"/>
      <line num="88" type="stmt" count="6"/>
      <line num="90" type="stmt" count="6"/>
      <line num="91" type="stmt" count="6"/>
      <line num="92" type="stmt" count="6"/>
      <line num="93" type="stmt" count="6"/>
      <metrics loc="93" ncloc="84" classes="0" methods="0" coveredmethods="0" conditionals="0" coveredconditionals="0" statements="55" coveredstatements="55" elements="55" coveredelements="55"/>
    </file>
    <file name="/var/www/zendf2napratica/module/Application/data/test.data.php">
      <line num="18" type="stmt" count="6"/>
      <line num="20" type="stmt" count="6"/>
      <line num="37" type="stmt" count="6"/>
      <line num="39" type="stmt" count="6"/>
      <line num="40" type="stmt" count="6"/>
      <metrics loc="39" ncloc="32" classes="0" methods="0" coveredmethods="0" conditionals="0" coveredconditionals="0" statements="4" coveredstatements="4" elements="4" coveredelements="4"/>
    </file>
    <package name="Application\Controller">
      <file name="/var/www/zendf2napratica/module/Application/src/Application/Controller/IndexController.php">
        <class name="IndexController" namespace="Application\Controller">
          <metrics methods="1" coveredmethods="0" conditionals="0" coveredconditionals="0" statements="4" coveredstatements="0" elements="5" coveredelements="0"/>
        </class>
        <line num="17" type="method" name="indexAction" crap="2" count="0"/>
        <line num="18" type="stmt" count="0"/>
        <line num="19" type="stmt" count="0"/>
        <line num="20" type="stmt" count="0"/>
        <metrics loc="21" ncloc="14" classes="1" methods="1" coveredmethods="0" conditionals="0" coveredconditionals="0" statements="4" coveredstatements="0" elements="5" coveredelements="0"/>
      </file>
    </package>
    <metrics files="4" loc="192" ncloc="162" classes="2" methods="4" coveredmethods="2" conditionals="0" coveredconditionals="0" statements="73" coveredstatements="64" elements="77" coveredelements="66"/>
  </project>
</coverage>
